Determining if the pthread_create exist failed with the following output:
Change Dir: /home/luis/Turtlebot-Project/build/CMakeFiles/CMakeTmp

Run Build Command:"/usr/bin/make" "cmTC_888c6/fast"
/usr/bin/make -f CMakeFiles/cmTC_888c6.dir/build.make CMakeFiles/cmTC_888c6.dir/build
make[1]: Entering directory '/home/luis/Turtlebot-Project/build/CMakeFiles/CMakeTmp'
Building C object CMakeFiles/cmTC_888c6.dir/CheckSymbolExists.c.o
/usr/bin/cc    -o CMakeFiles/cmTC_888c6.dir/CheckSymbolExists.c.o   -c /home/luis/Turtlebot-Project/build/CMakeFiles/CMakeTmp/CheckSymbolExists.c
Linking C executable cmTC_888c6
/usr/bin/cmake -E cmake_link_script CMakeFiles/cmTC_888c6.dir/link.txt --verbose=1
/usr/bin/cc      -rdynamic CMakeFiles/cmTC_888c6.dir/CheckSymbolExists.c.o  -o cmTC_888c6 
CMakeFiles/cmTC_888c6.dir/CheckSymbolExists.c.o: In function `main':
CheckSymbolExists.c:(.text+0x1b): undefined reference to `pthread_create'
collect2: error: ld returned 1 exit status
CMakeFiles/cmTC_888c6.dir/build.make:97: recipe for target 'cmTC_888c6' failed
make[1]: *** [cmTC_888c6] Error 1
make[1]: Leaving directory '/home/luis/Turtlebot-Project/build/CMakeFiles/CMakeTmp'
Makefile:126: recipe for target 'cmTC_888c6/fast' failed
make: *** [cmTC_888c6/fast] Error 2

File /home/luis/Turtlebot-Project/build/CMakeFiles/CMakeTmp/CheckSymbolExists.c:
/* */
#include <pthread.h>

int main(int argc, char** argv)
{
  (void)argv;
#ifndef pthread_create
  return ((int*)(&pthread_create))[argc];
#else
  (void)argc;
  return 0;
#endif
}

Determining if the function pthread_create exists in the pthreads failed with the following output:
Change Dir: /home/luis/Turtlebot-Project/build/CMakeFiles/CMakeTmp

Run Build Command:"/usr/bin/make" "cmTC_bb65b/fast"
/usr/bin/make -f CMakeFiles/cmTC_bb65b.dir/build.make CMakeFiles/cmTC_bb65b.dir/build
make[1]: Entering directory '/home/luis/Turtlebot-Project/build/CMakeFiles/CMakeTmp'
Building C object CMakeFiles/cmTC_bb65b.dir/CheckFunctionExists.c.o
/usr/bin/cc   -DCHECK_FUNCTION_EXISTS=pthread_create   -o CMakeFiles/cmTC_bb65b.dir/CheckFunctionExists.c.o   -c /usr/share/cmake-3.10/Modules/CheckFunctionExists.c
Linking C executable cmTC_bb65b
/usr/bin/cmake -E cmake_link_script CMakeFiles/cmTC_bb65b.dir/link.txt --verbose=1
/usr/bin/cc  -DCHECK_FUNCTION_EXISTS=pthread_create    -rdynamic CMakeFiles/cmTC_bb65b.dir/CheckFunctionExists.c.o  -o cmTC_bb65b -lpthreads 
/usr/bin/ld: cannot find -lpthreads
collect2: error: ld returned 1 exit status
CMakeFiles/cmTC_bb65b.dir/build.make:97: recipe for target 'cmTC_bb65b' failed
make[1]: *** [cmTC_bb65b] Error 1
make[1]: Leaving directory '/home/luis/Turtlebot-Project/build/CMakeFiles/CMakeTmp'
Makefile:126: recipe for target 'cmTC_bb65b/fast' failed
make: *** [cmTC_bb65b/fast] Error 2


Determining if the include file pgm.h exists failed with the following output:
Change Dir: /home/luis/Turtlebot-Project/build/CMakeFiles/CMakeTmp

Run Build Command:"/usr/bin/make" "cmTC_c8a6e/fast"
make[1]: Entering directory '/home/luis/Turtlebot-Project/build/CMakeFiles/CMakeTmp'
/usr/bin/make -f CMakeFiles/cmTC_c8a6e.dir/build.make CMakeFiles/cmTC_c8a6e.dir/build
make[2]: Entering directory '/home/luis/Turtlebot-Project/build/CMakeFiles/CMakeTmp'
Building CXX object CMakeFiles/cmTC_c8a6e.dir/CheckIncludeFile.cxx.o
/usr/bin/c++     -o CMakeFiles/cmTC_c8a6e.dir/CheckIncludeFile.cxx.o -c /home/luis/Turtlebot-Project/build/CMakeFiles/CMakeTmp/CheckIncludeFile.cxx
/home/luis/Turtlebot-Project/build/CMakeFiles/CMakeTmp/CheckIncludeFile.cxx:1:10: fatal error: pgm.h: No such file or directory
 #include <pgm.h>
          ^~~~~~~
compilation terminated.
CMakeFiles/cmTC_c8a6e.dir/build.make:65: recipe for target 'CMakeFiles/cmTC_c8a6e.dir/CheckIncludeFile.cxx.o' failed
make[2]: *** [CMakeFiles/cmTC_c8a6e.dir/CheckIncludeFile.cxx.o] Error 1
make[2]: Leaving directory '/home/luis/Turtlebot-Project/build/CMakeFiles/CMakeTmp'
Makefile:126: recipe for target 'cmTC_c8a6e/fast' failed
make[1]: *** [cmTC_c8a6e/fast] Error 2
make[1]: Leaving directory '/home/luis/Turtlebot-Project/build/CMakeFiles/CMakeTmp'


